D:\DATA\交大作業\大二_第一學期\進階物件導向程式設計 AOOP\期末專題\FANTASY_CIRCUIT\FANTASY_CIRCUIT\RELEASE\APP.RES
D:\DATA\交大作業\大二_第一學期\進階物件導向程式設計 AOOP\期末專題\FANTASY_CIRCUIT\FANTASY_CIRCUIT\RELEASE\ASCFILE.OBJ
D:\DATA\交大作業\大二_第一學期\進階物件導向程式設計 AOOP\期末專題\FANTASY_CIRCUIT\FANTASY_CIRCUIT\RELEASE\ASSEMBLYINFO.OBJ
D:\DATA\交大作業\大二_第一學期\進階物件導向程式設計 AOOP\期末專題\FANTASY_CIRCUIT\FANTASY_CIRCUIT\RELEASE\CALCNODE.OBJ
D:\DATA\交大作業\大二_第一學期\進階物件導向程式設計 AOOP\期末專題\FANTASY_CIRCUIT\FANTASY_CIRCUIT\RELEASE\FANTASY_CIRCUIT.EXE.INTERMEDIATE.MANIFEST
D:\DATA\交大作業\大二_第一學期\進階物件導向程式設計 AOOP\期末專題\FANTASY_CIRCUIT\FANTASY_CIRCUIT\RELEASE\FANTASY_CIRCUIT.OBJ
D:\DATA\交大作業\大二_第一學期\進階物件導向程式設計 AOOP\期末專題\FANTASY_CIRCUIT\FANTASY_CIRCUIT\RELEASE\FANTASY_CIRCUIT.PCH
D:\DATA\交大作業\大二_第一學期\進階物件導向程式設計 AOOP\期末專題\FANTASY_CIRCUIT\FANTASY_CIRCUIT\RELEASE\INITCOMPONENT.OBJ
D:\DATA\交大作業\大二_第一學期\進階物件導向程式設計 AOOP\期末專題\FANTASY_CIRCUIT\FANTASY_CIRCUIT\RELEASE\SIMULATION.OBJ
D:\DATA\交大作業\大二_第一學期\進階物件導向程式設計 AOOP\期末專題\FANTASY_CIRCUIT\FANTASY_CIRCUIT\RELEASE\STDAFX.OBJ
D:\DATA\交大作業\大二_第一學期\進階物件導向程式設計 AOOP\期末專題\FANTASY_CIRCUIT\FANTASY_CIRCUIT\RELEASE\VC100.PDB
D:\DATA\交大作業\大二_第一學期\進階物件導向程式設計 AOOP\期末專題\FANTASY_CIRCUIT\RELEASE\FANTASY_CIRCUIT.EXE
D:\Data\交大作業\大二_第一學期\進階物件導向程式設計 AOOP\期末專題\Fantasy_Circuit\Release\Fantasy_Circuit.exp
D:\Data\交大作業\大二_第一學期\進階物件導向程式設計 AOOP\期末專題\Fantasy_Circuit\Release\Fantasy_Circuit.lib
D:\DATA\交大作業\大二_第一學期\進階物件導向程式設計 AOOP\期末專題\FANTASY_CIRCUIT\RELEASE\FANTASY_CIRCUIT.PDB
D:\DOWNLOAD\AOOPPROJECT\FANTASY_CIRCUIT\FANTASY_CIRCUIT\RELEASE\.NETFRAMEWORK,VERSION=V4.0.ASSEMBLYATTRIBUTES.OBJ
D:\DOWNLOAD\AOOPPROJECT\FANTASY_CIRCUIT\FANTASY_CIRCUIT\RELEASE\APP.RES
D:\DOWNLOAD\AOOPPROJECT\FANTASY_CIRCUIT\FANTASY_CIRCUIT\RELEASE\ASCFILE.OBJ
D:\DOWNLOAD\AOOPPROJECT\FANTASY_CIRCUIT\FANTASY_CIRCUIT\RELEASE\ASSEMBLYINFO.OBJ
D:\DOWNLOAD\AOOPPROJECT\FANTASY_CIRCUIT\FANTASY_CIRCUIT\RELEASE\CALCNODE.OBJ
D:\Download\AOOPProject\Fantasy_Circuit\Fantasy_Circuit\Release\cl.command.1.tlog
D:\Download\AOOPProject\Fantasy_Circuit\Fantasy_Circuit\Release\CL.read.1.tlog
D:\Download\AOOPProject\Fantasy_Circuit\Fantasy_Circuit\Release\CL.write.1.tlog
D:\DOWNLOAD\AOOPPROJECT\FANTASY_CIRCUIT\FANTASY_CIRCUIT\RELEASE\FANTASY_CIRCUIT.EXE.INTERMEDIATE.MANIFEST
D:\Download\AOOPProject\Fantasy_Circuit\Fantasy_Circuit\Release\Fantasy_Circuit.Form1.resources
D:\Download\AOOPProject\Fantasy_Circuit\Fantasy_Circuit\Release\Fantasy_Circuit.InitComponent.resources
D:\DOWNLOAD\AOOPPROJECT\FANTASY_CIRCUIT\FANTASY_CIRCUIT\RELEASE\FANTASY_CIRCUIT.OBJ
D:\DOWNLOAD\AOOPPROJECT\FANTASY_CIRCUIT\FANTASY_CIRCUIT\RELEASE\FANTASY_CIRCUIT.PCH
D:\Download\AOOPProject\Fantasy_Circuit\Fantasy_Circuit\Release\Fantasy_Circuit.Simulation.resources
D:\Download\AOOPProject\Fantasy_Circuit\Fantasy_Circuit\Release\Fantasy_Circuit.vcxproj.GenerateResource.Cache
D:\Download\AOOPProject\Fantasy_Circuit\Fantasy_Circuit\Release\Fantasy_Circuit.vcxprojResolveAssemblyReference.cache
D:\Download\AOOPProject\Fantasy_Circuit\Fantasy_Circuit\Release\Fantasy_Circuit.write.1.tlog
D:\DOWNLOAD\AOOPPROJECT\FANTASY_CIRCUIT\FANTASY_CIRCUIT\RELEASE\INITCOMPONENT.OBJ
D:\Download\AOOPProject\Fantasy_Circuit\Fantasy_Circuit\Release\link.command.1.tlog
D:\Download\AOOPProject\Fantasy_Circuit\Fantasy_Circuit\Release\link.read.1.tlog
D:\Download\AOOPProject\Fantasy_Circuit\Fantasy_Circuit\Release\link.write.1.tlog
D:\Download\AOOPProject\Fantasy_Circuit\Fantasy_Circuit\Release\link-cvtres.read.1.tlog
D:\Download\AOOPProject\Fantasy_Circuit\Fantasy_Circuit\Release\link-cvtres.write.1.tlog
D:\Download\AOOPProject\Fantasy_Circuit\Fantasy_Circuit\Release\mt.command.1.tlog
D:\Download\AOOPProject\Fantasy_Circuit\Fantasy_Circuit\Release\mt.read.1.tlog
D:\Download\AOOPProject\Fantasy_Circuit\Fantasy_Circuit\Release\mt.write.1.tlog
D:\Download\AOOPProject\Fantasy_Circuit\Fantasy_Circuit\Release\rc.command.1.tlog
D:\Download\AOOPProject\Fantasy_Circuit\Fantasy_Circuit\Release\rc.read.1.tlog
D:\Download\AOOPProject\Fantasy_Circuit\Fantasy_Circuit\Release\rc.write.1.tlog
D:\DOWNLOAD\AOOPPROJECT\FANTASY_CIRCUIT\FANTASY_CIRCUIT\RELEASE\SIMULATION.OBJ
D:\DOWNLOAD\AOOPPROJECT\FANTASY_CIRCUIT\FANTASY_CIRCUIT\RELEASE\STDAFX.OBJ
D:\DOWNLOAD\AOOPPROJECT\FANTASY_CIRCUIT\FANTASY_CIRCUIT\RELEASE\VC100.PDB
D:\DOWNLOAD\AOOPPROJECT\FANTASY_CIRCUIT\RELEASE\FANTASY_CIRCUIT.EXE
D:\Download\AOOPProject\Fantasy_Circuit\Release\Fantasy_Circuit.exp
D:\Download\AOOPProject\Fantasy_Circuit\Release\Fantasy_Circuit.lib
D:\DOWNLOAD\AOOPPROJECT\FANTASY_CIRCUIT\RELEASE\FANTASY_CIRCUIT.PDB
